<?xml version="1.0" encoding="UTF-8"?>
<testng-results ignored="0" total="1" passed="1" failed="0" skipped="0">
  <reporter-output>
  </reporter-output>
  <suite started-at="2024-02-12T22:59:30 IST" name="Default suite" finished-at="2024-02-12T23:00:32 IST" duration-ms="62671">
    <groups>
    </groups>
    <test started-at="2024-02-12T22:59:30 IST" name="Default test" finished-at="2024-02-12T23:00:32 IST" duration-ms="62671">
      <class name="Testcase.github">
        <test-method is-config="true" signature="setUp()[pri:0, instance:Testcase.github@6035b93b]" started-at="2024-02-12T22:59:30 IST" name="setUp" finished-at="2024-02-12T22:59:57 IST" duration-ms="27840" status="PASS">
          <reporter-output>
          </reporter-output>
        </test-method> <!-- setUp -->
        <test-method signature="geturl()[pri:0, instance:Testcase.github@6035b93b]" started-at="2024-02-12T22:59:57 IST" name="geturl" finished-at="2024-02-12T23:00:32 IST" duration-ms="34768" status="PASS">
          <reporter-output>
          </reporter-output>
        </test-method> <!-- geturl -->
        <test-method is-config="true" signature="tearDown()[pri:0, instance:Testcase.github@6035b93b]" started-at="2024-02-12T23:00:32 IST" name="tearDown" finished-at="2024-02-12T23:00:32 IST" duration-ms="1" status="PASS">
          <reporter-output>
          </reporter-output>
        </test-method> <!-- tearDown -->
      </class> <!-- Testcase.github -->
    </test> <!-- Default test -->
  </suite> <!-- Default suite -->
</testng-results>
